L=16, N=256, boundary=PBC, seed=7
Training 18 temperatures: [0.1, 0.1426, 0.184, 0.2239, 0.262, 0.2982, 0.3323, 0.3641, 0.3933, 0.4194, 0.4426, 0.4653, 0.4925, 0.5297, 0.5812, 0.654, 0.7684, 1.0]
total_batch_size=2000  →  samples_per_temp=111
Annealing strategy: THREE-PHASE CRITICAL over 10000 steps
  Phase 1 (0-20%):  factor 0.00 -> 0.35 [fast warmup]
  Phase 2 (20-70%): factor 0.35 -> 0.55 [critical wandering β_c≈0.44]
  Phase 3 (70-100%):factor 0.55 -> 1.00 [low-T hardening]
Z2 symmetry: ENABLED (LogProbWrapper)
Hamiltonian: IsingHamiltonian(L=16, n=256, boundary=PBC)

Model: patched AR, patch_size=2, Z2-symmetric
Parameters: 2,284,432

Optimizer: muon, lr=0.001
Scheduler: warmup(2000) + cosine(eta_min=1e-05)

Starting training...
----------------------------------------------------------------------
Step 100/10000: annealing=0.0175 [P1:warmup], lr=5.95e-05, time=20.0s
Step 200/10000: annealing=0.0350 [P1:warmup], lr=1.09e-04, time=37.4s
Step 300/10000: annealing=0.0525 [P1:warmup], lr=1.59e-04, time=54.7s
Step 400/10000: annealing=0.0700 [P1:warmup], lr=2.08e-04, time=72.1s
Step 500/10000: annealing=0.0875 [P1:warmup], lr=2.58e-04, time=89.5s
Step 600/10000: annealing=0.1050 [P1:warmup], lr=3.07e-04, time=106.9s
Step 700/10000: annealing=0.1225 [P1:warmup], lr=3.57e-04, time=124.2s
Step 800/10000: annealing=0.1400 [P1:warmup], lr=4.06e-04, time=141.6s
Step 900/10000: annealing=0.1575 [P1:warmup], lr=4.56e-04, time=159.0s
Step 1000/10000: annealing=0.1750 [P1:warmup], lr=5.05e-04, time=176.4s
Step 1100/10000: annealing=0.1925 [P1:warmup], lr=5.55e-04, time=193.8s
Step 1200/10000: annealing=0.2100 [P1:warmup], lr=6.04e-04, time=211.1s
Step 1300/10000: annealing=0.2275 [P1:warmup], lr=6.54e-04, time=228.5s
Step 1400/10000: annealing=0.2450 [P1:warmup], lr=7.03e-04, time=245.9s
Step 1500/10000: annealing=0.2625 [P1:warmup], lr=7.53e-04, time=263.2s
Step 1600/10000: annealing=0.2800 [P1:warmup], lr=8.02e-04, time=280.6s
Step 1700/10000: annealing=0.2975 [P1:warmup], lr=8.52e-04, time=298.0s
Step 1800/10000: annealing=0.3150 [P1:warmup], lr=9.01e-04, time=315.4s
Step 1900/10000: annealing=0.3325 [P1:warmup], lr=9.51e-04, time=332.7s
Step 2000/10000: annealing=0.3500 [P2:critical], lr=1.00e-03, time=350.1s
Step 2100/10000: annealing=0.3540 [P2:critical], lr=1.00e-03, time=367.5s
Step 2200/10000: annealing=0.3580 [P2:critical], lr=9.98e-04, time=384.9s
Step 2300/10000: annealing=0.3620 [P2:critical], lr=9.97e-04, time=402.3s
Step 2400/10000: annealing=0.3660 [P2:critical], lr=9.94e-04, time=419.6s
Step 2500/10000: annealing=0.3700 [P2:critical], lr=9.90e-04, time=437.0s
Step 2600/10000: annealing=0.3740 [P2:critical], lr=9.86e-04, time=454.4s
Step 2700/10000: annealing=0.3780 [P2:critical], lr=9.81e-04, time=471.8s
Step 2800/10000: annealing=0.3820 [P2:critical], lr=9.76e-04, time=489.1s
Step 2900/10000: annealing=0.3860 [P2:critical], lr=9.69e-04, time=506.5s
Step 3000/10000: annealing=0.3900 [P2:critical], lr=9.62e-04, time=523.9s
Step 3100/10000: annealing=0.3940 [P2:critical], lr=9.55e-04, time=541.3s
Step 3200/10000: annealing=0.3980 [P2:critical], lr=9.46e-04, time=558.7s
Step 3300/10000: annealing=0.4020 [P2:critical], lr=9.37e-04, time=576.1s
Step 3400/10000: annealing=0.4060 [P2:critical], lr=9.27e-04, time=593.4s
Step 3500/10000: annealing=0.4100 [P2:critical], lr=9.17e-04, time=610.8s
Step 3600/10000: annealing=0.4140 [P2:critical], lr=9.05e-04, time=628.2s
Step 3700/10000: annealing=0.4180 [P2:critical], lr=8.94e-04, time=645.6s
Step 3800/10000: annealing=0.4220 [P2:critical], lr=8.81e-04, time=662.9s
Step 3900/10000: annealing=0.4260 [P2:critical], lr=8.68e-04, time=680.3s
Step 4000/10000: annealing=0.4300 [P2:critical], lr=8.55e-04, time=697.7s
Step 4100/10000: annealing=0.4340 [P2:critical], lr=8.41e-04, time=715.1s
Step 4200/10000: annealing=0.4380 [P2:critical], lr=8.26e-04, time=732.5s
Step 4300/10000: annealing=0.4420 [P2:critical], lr=8.11e-04, time=749.9s
Step 4400/10000: annealing=0.4460 [P2:critical], lr=7.96e-04, time=767.2s
Step 4500/10000: annealing=0.4500 [P2:critical], lr=7.80e-04, time=784.6s
Step 4600/10000: annealing=0.4540 [P2:critical], lr=7.64e-04, time=802.0s
Step 4700/10000: annealing=0.4580 [P2:critical], lr=7.47e-04, time=819.4s
Step 4800/10000: annealing=0.4620 [P2:critical], lr=7.30e-04, time=836.7s
Step 4900/10000: annealing=0.4660 [P2:critical], lr=7.12e-04, time=854.1s
Step 5000/10000: annealing=0.4700 [P2:critical], lr=6.94e-04, time=871.5s
Step 5100/10000: annealing=0.4740 [P2:critical], lr=6.76e-04, time=888.9s
Step 5200/10000: annealing=0.4780 [P2:critical], lr=6.58e-04, time=906.3s
Step 5300/10000: annealing=0.4820 [P2:critical], lr=6.39e-04, time=923.7s
Step 5400/10000: annealing=0.4860 [P2:critical], lr=6.21e-04, time=941.1s
Step 5500/10000: annealing=0.4900 [P2:critical], lr=6.02e-04, time=958.4s
Step 5600/10000: annealing=0.4940 [P2:critical], lr=5.82e-04, time=975.8s
Step 5700/10000: annealing=0.4980 [P2:critical], lr=5.63e-04, time=993.2s
Step 5800/10000: annealing=0.5020 [P2:critical], lr=5.44e-04, time=1010.6s
Step 5900/10000: annealing=0.5060 [P2:critical], lr=5.24e-04, time=1028.0s
Step 6000/10000: annealing=0.5100 [P2:critical], lr=5.05e-04, time=1045.4s
Step 6100/10000: annealing=0.5140 [P2:critical], lr=4.86e-04, time=1062.8s
Step 6200/10000: annealing=0.5180 [P2:critical], lr=4.66e-04, time=1080.2s
Step 6300/10000: annealing=0.5220 [P2:critical], lr=4.47e-04, time=1097.6s
Step 6400/10000: annealing=0.5260 [P2:critical], lr=4.28e-04, time=1115.0s
Step 6500/10000: annealing=0.5300 [P2:critical], lr=4.08e-04, time=1132.4s
Step 6600/10000: annealing=0.5340 [P2:critical], lr=3.89e-04, time=1149.8s
Step 6700/10000: annealing=0.5380 [P2:critical], lr=3.71e-04, time=1167.1s
Step 6800/10000: annealing=0.5420 [P2:critical], lr=3.52e-04, time=1184.5s
Step 6900/10000: annealing=0.5460 [P2:critical], lr=3.34e-04, time=1201.9s
Step 7000/10000: annealing=0.5500 [P3:harden], lr=3.16e-04, time=1219.3s
Step 7100/10000: annealing=0.5650 [P3:harden], lr=2.98e-04, time=1236.7s
Step 7200/10000: annealing=0.5800 [P3:harden], lr=2.80e-04, time=1254.1s
Step 7300/10000: annealing=0.5950 [P3:harden], lr=2.63e-04, time=1271.6s
Step 7400/10000: annealing=0.6100 [P3:harden], lr=2.46e-04, time=1289.0s
Step 7500/10000: annealing=0.6250 [P3:harden], lr=2.30e-04, time=1306.4s
Step 7600/10000: annealing=0.6400 [P3:harden], lr=2.14e-04, time=1323.8s
Step 7700/10000: annealing=0.6550 [P3:harden], lr=1.99e-04, time=1341.2s
Step 7800/10000: annealing=0.6700 [P3:harden], lr=1.84e-04, time=1358.6s
Step 7900/10000: annealing=0.6850 [P3:harden], lr=1.69e-04, time=1376.1s
Step 8000/10000: annealing=0.7000 [P3:harden], lr=1.55e-04, time=1393.5s
Step 8100/10000: annealing=0.7150 [P3:harden], lr=1.42e-04, time=1410.9s
Step 8200/10000: annealing=0.7300 [P3:harden], lr=1.29e-04, time=1428.4s
Step 8300/10000: annealing=0.7450 [P3:harden], lr=1.16e-04, time=1445.8s
Step 8400/10000: annealing=0.7600 [P3:harden], lr=1.05e-04, time=1463.2s
Step 8500/10000: annealing=0.7750 [P3:harden], lr=9.34e-05, time=1480.6s
Step 8600/10000: annealing=0.7900 [P3:harden], lr=8.29e-05, time=1498.1s
Step 8700/10000: annealing=0.8050 [P3:harden], lr=7.31e-05, time=1515.5s
Step 8800/10000: annealing=0.8200 [P3:harden], lr=6.40e-05, time=1532.9s
Step 8900/10000: annealing=0.8350 [P3:harden], lr=5.55e-05, time=1550.4s
Step 9000/10000: annealing=0.8500 [P3:harden], lr=4.77e-05, time=1567.8s
Step 9100/10000: annealing=0.8650 [P3:harden], lr=4.06e-05, time=1585.3s
Step 9200/10000: annealing=0.8800 [P3:harden], lr=3.42e-05, time=1602.7s
Step 9300/10000: annealing=0.8950 [P3:harden], lr=2.86e-05, time=1620.7s
Step 9400/10000: annealing=0.9100 [P3:harden], lr=2.37e-05, time=1652.8s
Step 9500/10000: annealing=0.9250 [P3:harden], lr=1.95e-05, time=1685.1s
Step 9600/10000: annealing=0.9400 [P3:harden], lr=1.61e-05, time=1717.4s
Step 9700/10000: annealing=0.9550 [P3:harden], lr=1.34e-05, time=1749.4s
Step 9800/10000: annealing=0.9700 [P3:harden], lr=1.15e-05, time=1781.4s
Step 9900/10000: annealing=0.9850 [P3:harden], lr=1.04e-05, time=1813.5s
Step 10000/10000: annealing=1.0000 [done], lr=1.00e-05, time=1845.2s

Training completed


======================================================================
Evaluating all temperatures (VFE + observables)...
======================================================================
beta=0.10  F/n=-7.032307±0.000656  E/n=-0.203393±0.000704  |M|=0.062426±0.000248  Cv/n=0.021082
beta=0.14  F/n=-5.005839±0.000486  E/n=-0.295281±0.000979  |M|=0.069903±0.000277  Cv/n=0.045173
beta=0.18  F/n=-3.956455±0.000414  E/n=-0.389588±0.001269  |M|=0.079713±0.000316  Cv/n=0.080241
beta=0.22  F/n=-3.329491±0.000399  E/n=-0.488608±0.001577  |M|=0.092583±0.000366  Cv/n=0.129047
beta=0.26  F/n=-2.923627±0.000525  E/n=-0.590702±0.001897  |M|=0.109976±0.000434  Cv/n=0.194981
beta=0.30  F/n=-2.646863±0.000415  E/n=-0.698688±0.002237  |M|=0.133940±0.000528  Cv/n=0.281265
beta=0.33  F/n=-2.452727±0.000517  E/n=-0.813238±0.002599  |M|=0.171676±0.000672  Cv/n=0.401617
beta=0.36  F/n=-2.314913±0.000561  E/n=-0.939498±0.003000  |M|=0.233212±0.000899  Cv/n=0.583832
beta=0.39  F/n=-2.218045±0.000626  E/n=-1.088380±0.003476  |M|=0.349918±0.001298  Cv/n=0.945896
beta=0.42  F/n=-2.153326±0.000627  E/n=-1.277101±0.004078  |M|=0.539369±0.001863  Cv/n=1.439995
beta=0.44  F/n=-2.112467±0.000725  E/n=-1.465578±0.004667  |M|=0.721365±0.002358  Cv/n=1.491973
beta=0.47  F/n=-2.084743±0.000646  E/n=-1.610809±0.005114  |M|=0.835239±0.002667  Cv/n=1.141105
beta=0.49  F/n=-2.061899±0.000519  E/n=-1.721200±0.005455  |M|=0.899376±0.002852  Cv/n=0.803232
beta=0.53  F/n=-2.041643±0.000324  E/n=-1.816523±0.005751  |M|=0.941115±0.002978  Cv/n=0.543508
beta=0.58  F/n=-2.025313±0.000212  E/n=-1.890726±0.005982  |M|=0.967652±0.003061  Cv/n=0.362339
beta=0.65  F/n=-2.013748±0.000148  E/n=-1.944910±0.006152  |M|=0.984665±0.003114  Cv/n=0.216902
beta=0.77  F/n=-2.006595±0.000110  E/n=-1.980048±0.006262  |M|=0.994716±0.003146  Cv/n=0.102275
beta=1.00  F/n=-2.003055±0.000091  E/n=-1.997048±0.006315  |M|=0.999248±0.003160  Cv/n=0.024522
VFE saved  → out/L16_pbc/L16_PBC_multitemp_seed7_vfe_multitemp.txt
Obs saved  → out/L16_pbc/L16_PBC_multitemp_seed7_observables.txt
======================================================================

Final model saved to out/L16_pbc/L16_PBC_multitemp_seed7_final.pt
Summary saved to out/L16_pbc/L16_PBC_multitemp_seed7_summary.txt
