L=64, N=4096, boundary=OBC, seed=11
Training 69 temperatures: [0.1, 0.1109, 0.1217, 0.1325, 0.1432, 0.1538, 0.1643, 0.1747, 0.185, 0.1952, 0.2053, 0.2153, 0.2252, 0.235, 0.2447, 0.2543, 0.2638, 0.2732, 0.2824, 0.2915, 0.3005, 0.3094, 0.3181, 0.3267, 0.3352, 0.3435, 0.3517, 0.3597, 0.3676, 0.3753, 0.3828, 0.3902, 0.3974, 0.4044, 0.4112, 0.4178, 0.4242, 0.4303, 0.4362, 0.4419, 0.4474, 0.4529, 0.4586, 0.4646, 0.4711, 0.478, 0.4854, 0.4933, 0.5018, 0.5108, 0.5204, 0.5307, 0.5417, 0.5535, 0.5661, 0.5797, 0.5944, 0.6103, 0.6276, 0.6466, 0.6675, 0.6907, 0.7167, 0.7462, 0.7801, 0.8199, 0.8677, 0.9274, 1.0]
total_batch_size=2000  →  samples_per_temp=28
Annealing strategy: THREE-PHASE CRITICAL over 15000 steps
  Phase 1 (0-20%):  factor 0.00 -> 0.35 [fast warmup]
  Phase 2 (20-70%): factor 0.35 -> 0.55 [critical wandering β_c≈0.44]
  Phase 3 (70-100%):factor 0.55 -> 1.00 [low-T hardening]
Z2 symmetry: ENABLED (LogProbWrapper)
Hamiltonian: IsingHamiltonian(L=64, n=4096, boundary=OBC)

Model: patched AR, patch_size=2, Z2-symmetric
Parameters: 2,533,456

Optimizer: muon, lr=0.001
Scheduler: warmup(2000) + cosine(eta_min=1e-05)

Starting training...
----------------------------------------------------------------------
L=64, N=4096, boundary=OBC, seed=11
Training 69 temperatures: [0.1, 0.1109, 0.1217, 0.1325, 0.1432, 0.1538, 0.1643, 0.1747, 0.185, 0.1952, 0.2053, 0.2153, 0.2252, 0.235, 0.2447, 0.2543, 0.2638, 0.2732, 0.2824, 0.2915, 0.3005, 0.3094, 0.3181, 0.3267, 0.3352, 0.3435, 0.3517, 0.3597, 0.3676, 0.3753, 0.3828, 0.3902, 0.3974, 0.4044, 0.4112, 0.4178, 0.4242, 0.4303, 0.4362, 0.4419, 0.4474, 0.4529, 0.4586, 0.4646, 0.4711, 0.478, 0.4854, 0.4933, 0.5018, 0.5108, 0.5204, 0.5307, 0.5417, 0.5535, 0.5661, 0.5797, 0.5944, 0.6103, 0.6276, 0.6466, 0.6675, 0.6907, 0.7167, 0.7462, 0.7801, 0.8199, 0.8677, 0.9274, 1.0]
total_batch_size=2000  →  samples_per_temp=28
Annealing strategy: THREE-PHASE CRITICAL over 15000 steps
  Phase 1 (0-20%):  factor 0.00 -> 0.35 [fast warmup]
  Phase 2 (20-70%): factor 0.35 -> 0.55 [critical wandering β_c≈0.44]
  Phase 3 (70-100%):factor 0.55 -> 1.00 [low-T hardening]
Z2 symmetry: ENABLED (LogProbWrapper)
Hamiltonian: IsingHamiltonian(L=64, n=4096, boundary=OBC)

Model: patched AR, patch_size=2, Z2-symmetric
Parameters: 2,533,456

Optimizer: muon, lr=0.001
Scheduler: warmup(2000) + cosine(eta_min=1e-05)

Starting training...
----------------------------------------------------------------------
Step 100/20000: annealing=0.0117 [P1:warmup], lr=5.95e-05, time=367.6s
Step 200/20000: annealing=0.0233 [P1:warmup], lr=1.09e-04, time=729.0s
Step 300/20000: annealing=0.0350 [P1:warmup], lr=1.59e-04, time=1090.7s
Step 400/20000: annealing=0.0467 [P1:warmup], lr=2.08e-04, time=1452.4s
Step 500/20000: annealing=0.0583 [P1:warmup], lr=2.58e-04, time=1813.9s
Step 600/20000: annealing=0.0700 [P1:warmup], lr=3.07e-04, time=2175.3s
Step 700/20000: annealing=0.0817 [P1:warmup], lr=3.57e-04, time=2536.6s
Step 800/20000: annealing=0.0933 [P1:warmup], lr=4.06e-04, time=2897.8s
Step 900/20000: annealing=0.1050 [P1:warmup], lr=4.56e-04, time=3259.0s
Step 1000/20000: annealing=0.1167 [P1:warmup], lr=5.05e-04, time=3620.2s
Step 1100/20000: annealing=0.1283 [P1:warmup], lr=5.55e-04, time=3983.1s
Step 1200/20000: annealing=0.1400 [P1:warmup], lr=6.04e-04, time=4346.1s
Step 1300/20000: annealing=0.1517 [P1:warmup], lr=6.54e-04, time=4709.1s
Step 1400/20000: annealing=0.1633 [P1:warmup], lr=7.03e-04, time=5072.0s
Step 1500/20000: annealing=0.1750 [P1:warmup], lr=7.53e-04, time=5434.8s
Step 1600/20000: annealing=0.1867 [P1:warmup], lr=8.02e-04, time=5797.7s
Step 1700/20000: annealing=0.1983 [P1:warmup], lr=8.52e-04, time=6160.8s
Step 1800/20000: annealing=0.2100 [P1:warmup], lr=9.01e-04, time=6523.6s
Step 1900/20000: annealing=0.2217 [P1:warmup], lr=9.51e-04, time=6886.5s
Step 2000/20000: annealing=0.2333 [P1:warmup], lr=1.00e-03, time=7249.2s
Step 2100/20000: annealing=0.2450 [P1:warmup], lr=1.00e-03, time=7611.9s
Step 2200/20000: annealing=0.2567 [P1:warmup], lr=1.00e-03, time=7974.7s
Step 2300/20000: annealing=0.2683 [P1:warmup], lr=9.99e-04, time=8337.5s
Step 2400/20000: annealing=0.2800 [P1:warmup], lr=9.99e-04, time=8700.1s
Step 2500/20000: annealing=0.2917 [P1:warmup], lr=9.98e-04, time=9062.7s
Step 2600/20000: annealing=0.3033 [P1:warmup], lr=9.97e-04, time=9425.4s
Step 2700/20000: annealing=0.3150 [P1:warmup], lr=9.96e-04, time=9788.0s
Step 2800/20000: annealing=0.3267 [P1:warmup], lr=9.95e-04, time=10150.5s
Step 2900/20000: annealing=0.3383 [P1:warmup], lr=9.94e-04, time=10513.1s
Step 3000/20000: annealing=0.3500 [P2:critical], lr=9.92e-04, time=10875.5s
Step 3100/20000: annealing=0.3527 [P2:critical], lr=9.91e-04, time=11235.4s
Step 3200/20000: annealing=0.3553 [P2:critical], lr=9.89e-04, time=11595.1s
Step 3300/20000: annealing=0.3580 [P2:critical], lr=9.87e-04, time=11955.1s
Step 3400/20000: annealing=0.3607 [P2:critical], lr=9.85e-04, time=12314.6s
Step 3500/20000: annealing=0.3633 [P2:critical], lr=9.83e-04, time=12674.6s
Step 3600/20000: annealing=0.3660 [P2:critical], lr=9.81e-04, time=13034.0s
Step 3700/20000: annealing=0.3687 [P2:critical], lr=9.78e-04, time=13393.8s
Step 3800/20000: annealing=0.3713 [P2:critical], lr=9.76e-04, time=13753.7s
Step 3900/20000: annealing=0.3740 [P2:critical], lr=9.73e-04, time=14113.2s
Step 4000/20000: annealing=0.3767 [P2:critical], lr=9.70e-04, time=14472.8s
Step 4100/20000: annealing=0.3793 [P2:critical], lr=9.67e-04, time=14831.9s
Step 4200/20000: annealing=0.3820 [P2:critical], lr=9.64e-04, time=15191.1s
Step 4300/20000: annealing=0.3847 [P2:critical], lr=9.61e-04, time=15550.2s
Step 4400/20000: annealing=0.3873 [P2:critical], lr=9.57e-04, time=15909.2s
Step 4500/20000: annealing=0.3900 [P2:critical], lr=9.54e-04, time=16268.5s
Step 4600/20000: annealing=0.3927 [P2:critical], lr=9.50e-04, time=16627.4s
Step 4700/20000: annealing=0.3953 [P2:critical], lr=9.46e-04, time=16986.2s
Step 4800/20000: annealing=0.3980 [P2:critical], lr=9.42e-04, time=17345.1s
Step 4900/20000: annealing=0.4007 [P2:critical], lr=9.38e-04, time=17704.1s
Step 5000/20000: annealing=0.4033 [P2:critical], lr=9.34e-04, time=18063.0s
Step 5100/20000: annealing=0.4060 [P2:critical], lr=9.29e-04, time=18421.9s
Step 5200/20000: annealing=0.4087 [P2:critical], lr=9.25e-04, time=18780.7s
Step 5300/20000: annealing=0.4113 [P2:critical], lr=9.20e-04, time=19139.4s
Step 5400/20000: annealing=0.4140 [P2:critical], lr=9.15e-04, time=19498.4s
Step 5500/20000: annealing=0.4167 [P2:critical], lr=9.10e-04, time=19857.2s
Step 5600/20000: annealing=0.4193 [P2:critical], lr=9.05e-04, time=20215.8s
Step 5700/20000: annealing=0.4220 [P2:critical], lr=9.00e-04, time=20574.8s
Step 5800/20000: annealing=0.4247 [P2:critical], lr=8.95e-04, time=20933.5s
Step 5900/20000: annealing=0.4273 [P2:critical], lr=8.90e-04, time=21292.2s
Step 6000/20000: annealing=0.4300 [P2:critical], lr=8.84e-04, time=21650.8s
Step 6100/20000: annealing=0.4327 [P2:critical], lr=8.79e-04, time=22009.7s
Step 6200/20000: annealing=0.4353 [P2:critical], lr=8.73e-04, time=22368.3s
Step 6300/20000: annealing=0.4380 [P2:critical], lr=8.67e-04, time=22726.9s
Step 6400/20000: annealing=0.4407 [P2:critical], lr=8.61e-04, time=23086.0s
Step 6500/20000: annealing=0.4433 [P2:critical], lr=8.55e-04, time=23445.2s
Step 6600/20000: annealing=0.4460 [P2:critical], lr=8.49e-04, time=23803.7s
Step 6700/20000: annealing=0.4487 [P2:critical], lr=8.43e-04, time=24162.3s
Step 6800/20000: annealing=0.4513 [P2:critical], lr=8.36e-04, time=24520.8s
Step 6900/20000: annealing=0.4540 [P2:critical], lr=8.30e-04, time=24879.3s
Step 7000/20000: annealing=0.4567 [P2:critical], lr=8.23e-04, time=25237.7s
Step 7100/20000: annealing=0.4593 [P2:critical], lr=8.17e-04, time=25596.8s
Step 7200/20000: annealing=0.4620 [P2:critical], lr=8.10e-04, time=25955.4s
Step 7300/20000: annealing=0.4647 [P2:critical], lr=8.03e-04, time=26314.1s
Step 7400/20000: annealing=0.4673 [P2:critical], lr=7.96e-04, time=26672.8s
Step 7500/20000: annealing=0.4700 [P2:critical], lr=7.89e-04, time=27031.5s
Step 7600/20000: annealing=0.4727 [P2:critical], lr=7.82e-04, time=27390.1s
Step 7700/20000: annealing=0.4753 [P2:critical], lr=7.75e-04, time=27748.6s
Step 7800/20000: annealing=0.4780 [P2:critical], lr=7.67e-04, time=28107.6s
Step 7900/20000: annealing=0.4807 [P2:critical], lr=7.60e-04, time=28466.3s
Step 8000/20000: annealing=0.4833 [P2:critical], lr=7.52e-04, time=28824.7s
Step 8100/20000: annealing=0.4860 [P2:critical], lr=7.45e-04, time=29183.6s
Step 8200/20000: annealing=0.4887 [P2:critical], lr=7.37e-04, time=29542.2s
Step 8300/20000: annealing=0.4913 [P2:critical], lr=7.30e-04, time=29900.9s
Step 8400/20000: annealing=0.4940 [P2:critical], lr=7.22e-04, time=30259.6s
Step 8500/20000: annealing=0.4967 [P2:critical], lr=7.14e-04, time=30618.4s
Step 8600/20000: annealing=0.4993 [P2:critical], lr=7.06e-04, time=30977.0s
Step 8700/20000: annealing=0.5020 [P2:critical], lr=6.98e-04, time=31335.5s
Step 8800/20000: annealing=0.5047 [P2:critical], lr=6.90e-04, time=31694.1s
Step 8900/20000: annealing=0.5073 [P2:critical], lr=6.82e-04, time=32052.8s
Step 9000/20000: annealing=0.5100 [P2:critical], lr=6.74e-04, time=32411.3s
Step 9100/20000: annealing=0.5127 [P2:critical], lr=6.66e-04, time=32769.9s
Step 9200/20000: annealing=0.5153 [P2:critical], lr=6.58e-04, time=33128.6s
Step 9300/20000: annealing=0.5180 [P2:critical], lr=6.50e-04, time=33487.2s
Step 9400/20000: annealing=0.5207 [P2:critical], lr=6.41e-04, time=33845.9s
Step 9500/20000: annealing=0.5233 [P2:critical], lr=6.33e-04, time=34204.7s
Step 9600/20000: annealing=0.5260 [P2:critical], lr=6.25e-04, time=34563.4s
Step 9700/20000: annealing=0.5287 [P2:critical], lr=6.16e-04, time=34922.1s
Step 9800/20000: annealing=0.5313 [P2:critical], lr=6.08e-04, time=35280.8s
Step 9900/20000: annealing=0.5340 [P2:critical], lr=5.99e-04, time=35639.5s
Step 10000/20000: annealing=0.5367 [P2:critical], lr=5.91e-04, time=35998.1s
Step 10100/20000: annealing=0.5393 [P2:critical], lr=5.82e-04, time=36356.8s
Step 10200/20000: annealing=0.5420 [P2:critical], lr=5.74e-04, time=36715.4s
Step 10300/20000: annealing=0.5447 [P2:critical], lr=5.65e-04, time=37074.7s
Step 10400/20000: annealing=0.5473 [P2:critical], lr=5.57e-04, time=37433.6s
Step 10500/20000: annealing=0.5500 [P3:harden], lr=5.48e-04, time=37792.5s
Step 10600/20000: annealing=0.5600 [P3:harden], lr=5.40e-04, time=38151.3s
Step 10700/20000: annealing=0.5700 [P3:harden], lr=5.31e-04, time=38510.2s
Step 10800/20000: annealing=0.5800 [P3:harden], lr=5.22e-04, time=38869.2s
Step 10900/20000: annealing=0.5900 [P3:harden], lr=5.14e-04, time=39228.0s
Step 11000/20000: annealing=0.6000 [P3:harden], lr=5.05e-04, time=39587.1s
Step 11100/20000: annealing=0.6100 [P3:harden], lr=4.96e-04, time=39946.5s
Step 11200/20000: annealing=0.6200 [P3:harden], lr=4.88e-04, time=40305.7s
Step 11300/20000: annealing=0.6300 [P3:harden], lr=4.79e-04, time=40664.7s
Step 11400/20000: annealing=0.6400 [P3:harden], lr=4.70e-04, time=41023.7s
Step 11500/20000: annealing=0.6500 [P3:harden], lr=4.62e-04, time=41382.8s
Step 11600/20000: annealing=0.6600 [P3:harden], lr=4.53e-04, time=41742.1s
Step 11700/20000: annealing=0.6700 [P3:harden], lr=4.45e-04, time=42101.3s
Step 11800/20000: annealing=0.6800 [P3:harden], lr=4.36e-04, time=42460.9s
Step 11900/20000: annealing=0.6900 [P3:harden], lr=4.28e-04, time=42820.2s
Step 12000/20000: annealing=0.7000 [P3:harden], lr=4.19e-04, time=43179.5s
Step 12100/20000: annealing=0.7100 [P3:harden], lr=4.11e-04, time=43538.6s
Step 12200/20000: annealing=0.7200 [P3:harden], lr=4.02e-04, time=43897.8s
Step 12300/20000: annealing=0.7300 [P3:harden], lr=3.94e-04, time=44257.4s
Step 12400/20000: annealing=0.7400 [P3:harden], lr=3.85e-04, time=44616.5s
Step 12500/20000: annealing=0.7500 [P3:harden], lr=3.77e-04, time=44975.7s
Step 12600/20000: annealing=0.7600 [P3:harden], lr=3.69e-04, time=45334.9s
Step 12700/20000: annealing=0.7700 [P3:harden], lr=3.60e-04, time=45693.9s
Step 12800/20000: annealing=0.7800 [P3:harden], lr=3.52e-04, time=46052.9s
Step 12900/20000: annealing=0.7900 [P3:harden], lr=3.44e-04, time=46412.0s
Step 13000/20000: annealing=0.8000 [P3:harden], lr=3.36e-04, time=46771.0s
Step 13100/20000: annealing=0.8100 [P3:harden], lr=3.28e-04, time=47130.2s
Step 13200/20000: annealing=0.8200 [P3:harden], lr=3.20e-04, time=47489.4s
Step 13300/20000: annealing=0.8300 [P3:harden], lr=3.12e-04, time=47848.5s
Step 13400/20000: annealing=0.8400 [P3:harden], lr=3.04e-04, time=48207.7s
Step 13500/20000: annealing=0.8500 [P3:harden], lr=2.96e-04, time=48566.8s
Step 13600/20000: annealing=0.8600 [P3:harden], lr=2.88e-04, time=48926.0s
Step 13700/20000: annealing=0.8700 [P3:harden], lr=2.80e-04, time=49285.1s
Step 13800/20000: annealing=0.8800 [P3:harden], lr=2.73e-04, time=49644.4s
Step 13900/20000: annealing=0.8900 [P3:harden], lr=2.65e-04, time=50003.6s
Step 14000/20000: annealing=0.9000 [P3:harden], lr=2.57e-04, time=50364.9s
Step 14100/20000: annealing=0.9100 [P3:harden], lr=2.50e-04, time=50727.4s
Step 14200/20000: annealing=0.9200 [P3:harden], lr=2.43e-04, time=51089.8s
Step 14300/20000: annealing=0.9300 [P3:harden], lr=2.35e-04, time=51452.3s
Step 14400/20000: annealing=0.9400 [P3:harden], lr=2.28e-04, time=51813.7s
Step 14500/20000: annealing=0.9500 [P3:harden], lr=2.21e-04, time=52175.9s
Step 14600/20000: annealing=0.9600 [P3:harden], lr=2.14e-04, time=52538.2s
Step 14700/20000: annealing=0.9700 [P3:harden], lr=2.07e-04, time=52900.9s
Step 14800/20000: annealing=0.9800 [P3:harden], lr=2.00e-04, time=53263.6s
Step 14900/20000: annealing=0.9900 [P3:harden], lr=1.93e-04, time=53625.0s
Step 15000/20000: annealing=1.0000 [done], lr=1.87e-04, time=53986.7s
Step 15100/20000: annealing=1.0000 [done], lr=1.80e-04, time=54346.9s
Step 15200/20000: annealing=1.0000 [done], lr=1.74e-04, time=54706.6s
Step 15300/20000: annealing=1.0000 [done], lr=1.67e-04, time=55066.3s
Step 15400/20000: annealing=1.0000 [done], lr=1.61e-04, time=55426.0s
Step 15500/20000: annealing=1.0000 [done], lr=1.55e-04, time=55785.8s
Step 15600/20000: annealing=1.0000 [done], lr=1.49e-04, time=56145.4s
Step 15700/20000: annealing=1.0000 [done], lr=1.43e-04, time=56505.1s
Step 15800/20000: annealing=1.0000 [done], lr=1.37e-04, time=56865.0s
Step 15900/20000: annealing=1.0000 [done], lr=1.31e-04, time=57224.7s
Step 16000/20000: annealing=1.0000 [done], lr=1.26e-04, time=57584.5s
Step 16100/20000: annealing=1.0000 [done], lr=1.20e-04, time=57944.5s
Step 16200/20000: annealing=1.0000 [done], lr=1.15e-04, time=58305.0s
Step 16300/20000: annealing=1.0000 [done], lr=1.10e-04, time=58666.2s
Step 16400/20000: annealing=1.0000 [done], lr=1.05e-04, time=59027.4s
Step 16500/20000: annealing=1.0000 [done], lr=9.95e-05, time=59388.6s
Step 16600/20000: annealing=1.0000 [done], lr=9.46e-05, time=59749.9s
Step 16700/20000: annealing=1.0000 [done], lr=8.99e-05, time=60111.1s
Step 16800/20000: annealing=1.0000 [done], lr=8.52e-05, time=60472.4s
Step 16900/20000: annealing=1.0000 [done], lr=8.07e-05, time=60833.8s
Step 17000/20000: annealing=1.0000 [done], lr=7.63e-05, time=61195.5s
Step 17100/20000: annealing=1.0000 [done], lr=7.21e-05, time=61557.6s
Step 17200/20000: annealing=1.0000 [done], lr=6.79e-05, time=61919.6s
Step 17300/20000: annealing=1.0000 [done], lr=6.40e-05, time=62281.6s
Step 17400/20000: annealing=1.0000 [done], lr=6.01e-05, time=62643.7s
Step 17500/20000: annealing=1.0000 [done], lr=5.64e-05, time=63005.8s
Step 17600/20000: annealing=1.0000 [done], lr=5.28e-05, time=63367.8s
Step 17700/20000: annealing=1.0000 [done], lr=4.94e-05, time=63729.8s
Step 17800/20000: annealing=1.0000 [done], lr=4.60e-05, time=64091.9s
Step 17900/20000: annealing=1.0000 [done], lr=4.29e-05, time=64453.9s
Step 18000/20000: annealing=1.0000 [done], lr=3.99e-05, time=64816.0s
Step 18100/20000: annealing=1.0000 [done], lr=3.70e-05, time=65178.2s
Step 18200/20000: annealing=1.0000 [done], lr=3.42e-05, time=65540.4s
Step 18300/20000: annealing=1.0000 [done], lr=3.16e-05, time=65902.6s
Step 18400/20000: annealing=1.0000 [done], lr=2.92e-05, time=66264.7s
Step 18500/20000: annealing=1.0000 [done], lr=2.69e-05, time=66626.9s
Step 18600/20000: annealing=1.0000 [done], lr=2.47e-05, time=66989.1s
Step 18700/20000: annealing=1.0000 [done], lr=2.27e-05, time=67351.2s
Step 18800/20000: annealing=1.0000 [done], lr=2.08e-05, time=67713.3s
Step 18900/20000: annealing=1.0000 [done], lr=1.91e-05, time=68075.3s
Step 19000/20000: annealing=1.0000 [done], lr=1.75e-05, time=68437.3s
Step 19100/20000: annealing=1.0000 [done], lr=1.61e-05, time=68799.6s
Step 19200/20000: annealing=1.0000 [done], lr=1.48e-05, time=69161.6s
Step 19300/20000: annealing=1.0000 [done], lr=1.37e-05, time=69523.7s
Step 19400/20000: annealing=1.0000 [done], lr=1.27e-05, time=69885.8s
Step 19500/20000: annealing=1.0000 [done], lr=1.19e-05, time=70247.9s
Step 19600/20000: annealing=1.0000 [done], lr=1.12e-05, time=70609.9s
Step 19700/20000: annealing=1.0000 [done], lr=1.07e-05, time=70972.0s
Step 19800/20000: annealing=1.0000 [done], lr=1.03e-05, time=71334.0s
Step 19900/20000: annealing=1.0000 [done], lr=1.01e-05, time=71695.8s
Step 20000/20000: annealing=1.0000 [done], lr=1.00e-05, time=72057.9s

Training completed


======================================================================
Evaluating all temperatures (VFE + observables)...
======================================================================
beta=0.10  F/n=-7.030716±0.000148  E/n=-0.200226±0.000637  |M|=0.015510±0.000062  Cv/n=0.020722
beta=0.11  F/n=-6.360473±0.000121  E/n=-0.222750±0.000708  |M|=0.015991±0.000063  Cv/n=0.025958
beta=0.12  F/n=-5.816806±0.000111  E/n=-0.245532±0.000780  |M|=0.016434±0.000065  Cv/n=0.031057
beta=0.13  F/n=-5.363627±0.000097  E/n=-0.268531±0.000852  |M|=0.016909±0.000067  Cv/n=0.037740
beta=0.14  F/n=-4.983779±0.000090  E/n=-0.291569±0.000925  |M|=0.017428±0.000069  Cv/n=0.044641
beta=0.15  F/n=-4.661192±0.000084  E/n=-0.315066±0.000999  |M|=0.017903±0.000071  Cv/n=0.052246
beta=0.16  F/n=-4.384175±0.000081  E/n=-0.338565±0.001073  |M|=0.018483±0.000073  Cv/n=0.060713
beta=0.17  F/n=-4.144018±0.000077  E/n=-0.361762±0.001146  |M|=0.019159±0.000076  Cv/n=0.069470
beta=0.18  F/n=-3.934100±0.000077  E/n=-0.385509±0.001221  |M|=0.019687±0.000078  Cv/n=0.079382
beta=0.20  F/n=-3.749298±0.000077  E/n=-0.409629±0.001298  |M|=0.020545±0.000081  Cv/n=0.090316
beta=0.21  F/n=-3.585586±0.000079  E/n=-0.433739±0.001374  |M|=0.021214±0.000084  Cv/n=0.101907
beta=0.22  F/n=-3.439756±0.000082  E/n=-0.458270±0.001451  |M|=0.021890±0.000087  Cv/n=0.115514
beta=0.23  F/n=-3.309222±0.000084  E/n=-0.482923±0.001529  |M|=0.022944±0.000091  Cv/n=0.127715
beta=0.23  F/n=-3.191875±0.000084  E/n=-0.507918±0.001608  |M|=0.023809±0.000094  Cv/n=0.142930
beta=0.24  F/n=-3.085978±0.000086  E/n=-0.533032±0.001687  |M|=0.024837±0.000098  Cv/n=0.157212
beta=0.25  F/n=-2.990090±0.000087  E/n=-0.558707±0.001769  |M|=0.025823±0.000102  Cv/n=0.175070
beta=0.26  F/n=-2.903002±0.000090  E/n=-0.584883±0.001851  |M|=0.026943±0.000107  Cv/n=0.193241
beta=0.27  F/n=-2.823694±0.000094  E/n=-0.611260±0.001935  |M|=0.028134±0.000112  Cv/n=0.212081
beta=0.28  F/n=-2.752049±0.000101  E/n=-0.637535±0.002018  |M|=0.029724±0.000118  Cv/n=0.234448
beta=0.29  F/n=-2.686467±0.000106  E/n=-0.664597±0.002103  |M|=0.031149±0.000124  Cv/n=0.256733
beta=0.30  F/n=-2.626328±0.000114  E/n=-0.692331±0.002191  |M|=0.032921±0.000131  Cv/n=0.280145
beta=0.31  F/n=-2.571096±0.000121  E/n=-0.720411±0.002280  |M|=0.034699±0.000137  Cv/n=0.307252
beta=0.32  F/n=-2.520860±0.000130  E/n=-0.748205±0.002368  |M|=0.036706±0.000146  Cv/n=0.332338
beta=0.33  F/n=-2.474580±0.000139  E/n=-0.776818±0.002458  |M|=0.038958±0.000154  Cv/n=0.363924
beta=0.34  F/n=-2.431911±0.000148  E/n=-0.806513±0.002552  |M|=0.041541±0.000164  Cv/n=0.394641
beta=0.34  F/n=-2.392995±0.000157  E/n=-0.836699±0.002648  |M|=0.044694±0.000177  Cv/n=0.432939
beta=0.35  F/n=-2.357055±0.000166  E/n=-0.867576±0.002745  |M|=0.047932±0.000190  Cv/n=0.469151
beta=0.36  F/n=-2.324249±0.000174  E/n=-0.897330±0.002839  |M|=0.051734±0.000205  Cv/n=0.511417
beta=0.37  F/n=-2.293927±0.000183  E/n=-0.929778±0.002942  |M|=0.056162±0.000222  Cv/n=0.552959
beta=0.38  F/n=-2.266254±0.000191  E/n=-0.961363±0.003042  |M|=0.061504±0.000243  Cv/n=0.598452
beta=0.38  F/n=-2.241005±0.000199  E/n=-0.994794±0.003148  |M|=0.068002±0.000268  Cv/n=0.658713
beta=0.39  F/n=-2.217675±0.000206  E/n=-1.028200±0.003253  |M|=0.074924±0.000296  Cv/n=0.712640
beta=0.40  F/n=-2.196427±0.000213  E/n=-1.062851±0.003363  |M|=0.084111±0.000332  Cv/n=0.784621
beta=0.40  F/n=-2.177100±0.000222  E/n=-1.097928±0.003474  |M|=0.094791±0.000373  Cv/n=0.861436
beta=0.41  F/n=-2.159548±0.000235  E/n=-1.135068±0.003591  |M|=0.109975±0.000432  Cv/n=0.938533
beta=0.42  F/n=-2.143640±0.000249  E/n=-1.172130±0.003709  |M|=0.128764±0.000504  Cv/n=1.040745
beta=0.42  F/n=-2.129265±0.000267  E/n=-1.210716±0.003831  |M|=0.157638±0.000612  Cv/n=1.157223
beta=0.43  F/n=-2.116518±0.000289  E/n=-1.250120±0.003955  |M|=0.199156±0.000761  Cv/n=1.284726
beta=0.44  F/n=-2.105088±0.000311  E/n=-1.291816±0.004087  |M|=0.258922±0.000962  Cv/n=1.449868
beta=0.44  F/n=-2.094898±0.000317  E/n=-1.338331±0.004235  |M|=0.347474±0.001237  Cv/n=1.618215
beta=0.45  F/n=-2.085876±0.000307  E/n=-1.383591±0.004378  |M|=0.452752±0.001541  Cv/n=1.699418
beta=0.45  F/n=-2.077634±0.000276  E/n=-1.429557±0.004523  |M|=0.559955±0.001839  Cv/n=1.674292
beta=0.46  F/n=-2.069871±0.000234  E/n=-1.473684±0.004662  |M|=0.650489±0.002092  Cv/n=1.534543
beta=0.46  F/n=-2.062453±0.000195  E/n=-1.514840±0.004792  |M|=0.716377±0.002283  Cv/n=1.375075
beta=0.47  F/n=-2.055173±0.000165  E/n=-1.552798±0.004912  |M|=0.765061±0.002428  Cv/n=1.233648
beta=0.48  F/n=-2.048191±0.000139  E/n=-1.588823±0.005025  |M|=0.802199±0.002542  Cv/n=1.096170
beta=0.49  F/n=-2.041444±0.000120  E/n=-1.621336±0.005128  |M|=0.831045±0.002631  Cv/n=0.997685
beta=0.49  F/n=-2.034978±0.000104  E/n=-1.652783±0.005227  |M|=0.854672±0.002705  Cv/n=0.894688
beta=0.50  F/n=-2.028758±0.000090  E/n=-1.681982±0.005320  |M|=0.874635±0.002767  Cv/n=0.819744
beta=0.51  F/n=-2.022895±0.000079  E/n=-1.709150±0.005405  |M|=0.891484±0.002820  Cv/n=0.737463
beta=0.52  F/n=-2.017352±0.000068  E/n=-1.734853±0.005487  |M|=0.905916±0.002865  Cv/n=0.675907
beta=0.53  F/n=-2.012109±0.000061  E/n=-1.759252±0.005564  |M|=0.918548±0.002905  Cv/n=0.618928
beta=0.54  F/n=-2.007202±0.000053  E/n=-1.781541±0.005634  |M|=0.929470±0.002940  Cv/n=0.560348
beta=0.55  F/n=-2.002617±0.000048  E/n=-1.802547±0.005700  |M|=0.939109±0.002970  Cv/n=0.508169
beta=0.57  F/n=-1.998383±0.000042  E/n=-1.821725±0.005761  |M|=0.947461±0.002996  Cv/n=0.460482
beta=0.58  F/n=-1.994458±0.000039  E/n=-1.839829±0.005818  |M|=0.955033±0.003020  Cv/n=0.416648
beta=0.59  F/n=-1.990848±0.000035  E/n=-1.856693±0.005872  |M|=0.961761±0.003041  Cv/n=0.371822
beta=0.61  F/n=-1.987559±0.000032  E/n=-1.872020±0.005920  |M|=0.967619±0.003060  Cv/n=0.333022
beta=0.63  F/n=-1.984577±0.000030  E/n=-1.886120±0.005965  |M|=0.972816±0.003076  Cv/n=0.294483
beta=0.65  F/n=-1.981883±0.000027  E/n=-1.899125±0.006006  |M|=0.977496±0.003091  Cv/n=0.259600
beta=0.67  F/n=-1.979484±0.000026  E/n=-1.910854±0.006043  |M|=0.981552±0.003104  Cv/n=0.226941
beta=0.69  F/n=-1.977366±0.000024  E/n=-1.921450±0.006076  |M|=0.985146±0.003115  Cv/n=0.194862
beta=0.72  F/n=-1.975518±0.000023  E/n=-1.930881±0.006106  |M|=0.988260±0.003125  Cv/n=0.165739
beta=0.75  F/n=-1.973927±0.000021  E/n=-1.939248±0.006132  |M|=0.990957±0.003134  Cv/n=0.138100
beta=0.78  F/n=-1.972586±0.000020  E/n=-1.946456±0.006155  |M|=0.993231±0.003141  Cv/n=0.112113
beta=0.82  F/n=-1.971477±0.000019  E/n=-1.952624±0.006175  |M|=0.995149±0.003147  Cv/n=0.087899
beta=0.87  F/n=-1.970591±0.000018  E/n=-1.957790±0.006191  |M|=0.996721±0.003152  Cv/n=0.065976
beta=0.93  F/n=-1.969910±0.000018  E/n=-1.961922±0.006204  |M|=0.997968±0.003156  Cv/n=0.046289
beta=1.00  F/n=-1.969446±0.000019  E/n=-1.964836±0.006213  |M|=0.998836±0.003159  Cv/n=0.030026
VFE saved  → out/L64_obc_1/L64_OBC_multitemp_seed11_vfe_multitemp.txt
Obs saved  → out/L64_obc_1/L64_OBC_multitemp_seed11_observables.txt
======================================================================

Final model saved to out/L64_obc_1/L64_OBC_multitemp_seed11_final.pt
Summary saved to out/L64_obc_1/L64_OBC_multitemp_seed11_summary.txt
